<?xml version="1.0" encoding="UTF-8"?>
<!-- Generated by org.testng.reporters.JUnitXMLReporter -->
<testsuite ignored="0" hostname="DESKTOP-PKG19R7" failures="0" tests="6" name="Default test" time="22.083" errors="0" timestamp="2021-10-24T20:00:08 EET">
  <testcase classname="tests.CheckAddedUserTestCase" name="Login" time="7.839"/>
  <testcase classname="tests.CheckAddedUserTestCase" name="NavigateToUserManagement" time="2.175"/>
  <testcase classname="tests.CheckAddedUserTestCase" name="AddUser" time="5.089"/>
  <testcase classname="tests.CheckAddedUserTestCase" name="searchForUSer" time="5.938"/>
  <testcase classname="tests.CheckAddedUserTestCase" name="OpenUserDetails" time="0.636"/>
  <testcase classname="tests.CheckAddedUserTestCase" name="checkUser" time="0.309"/>
</testsuite> <!-- Default test -->
